2023-06-11 21:02:37,223 - DEBUG - 	[kvserver8]>[38;5;115m	[kvserver8]>---- KVSSERVER 8 ACTIVE -----Hosting in 127.0.0.1:3008[0m
2023-06-11 21:02:37,223 - DEBUG - 	[kvserver8]>[ECS handler]>[38;5;115m	[kvserver8]>[ECS handler]>Connecting to bootstrap 127.0.0.1:7000[0m
2023-06-11 21:02:37,224 - DEBUG - 	[kvserver8]>[ECS handler]>[38;5;115m	[kvserver8]>[ECS handler]>Connected to ECS. Connectiona addr: 127.0.0.1:55950[0m
2023-06-11 21:02:37,224 - DEBUG - 	[kvserver8]>[38;5;115m	[kvserver8]>Listening on 127.0.0.1:3008[0m
2023-06-11 21:02:39,229 - DEBUG - 	[kvserver8]>[38;5;115m	[kvserver8]>->Listening...[0m
2023-06-11 21:02:39,230 - DEBUG - 	[kvserver8]>[38;5;115m	[kvserver8]>ECS:1|Readable:1[0m
2023-06-11 21:02:39,230 - INFO - 	[kvserver8]>[38;5;115m	[kvserver8]> Message from ECS..[0m
2023-06-11 21:02:39,230 - DEBUG - 	[kvserver8]>[ECS handler]>[38;5;115m	[kvserver8]>[ECS handler]>Handling the recv of ECS[0m
2023-06-11 21:02:39,230 - DEBUG - 	[kvserver8]>[ECS handler]>[38;5;115m	[kvserver8]>[ECS handler]>Received message: '{"request": "kvserver_data"}'[0m
2023-06-11 21:02:39,231 - DEBUG - 	[kvserver8]>[38;5;115m	[kvserver8]> Active clients: 0, Ids: [][0m
2023-06-11 21:02:41,231 - DEBUG - 	[kvserver8]>[38;5;115m	[kvserver8]>->Listening...[0m
2023-06-11 21:02:41,232 - DEBUG - 	[kvserver8]>[38;5;115m	[kvserver8]>ECS:1|Readable:1[0m
2023-06-11 21:02:41,232 - INFO - 	[kvserver8]>[38;5;115m	[kvserver8]> Message from ECS..[0m
2023-06-11 21:02:41,233 - DEBUG - 	[kvserver8]>[ECS handler]>[38;5;115m	[kvserver8]>[ECS handler]>Handling the recv of ECS[0m
2023-06-11 21:02:41,233 - DEBUG - 	[kvserver8]>[ECS handler]>[38;5;115m	[kvserver8]>[ECS handler]>Received message: '{"request": "kvserver_hash_key", "data": {"id": 8, "name": "kvserver8", "hash_key": 150, "previous_hash": 140}}'[0m
2023-06-11 21:02:41,233 - DEBUG - 	[kvserver8]>[ECS handler]>[38;5;115m	[kvserver8]>[ECS handler]>Hash interval: 140|150[0m
2023-06-11 21:02:41,233 - DEBUG - 	[kvserver8]>[38;5;115m	[kvserver8]> Active clients: 0, Ids: [][0m
2023-06-11 21:02:43,238 - DEBUG - 	[kvserver8]>[38;5;115m	[kvserver8]>->Listening...[0m
2023-06-11 21:02:48,241 - DEBUG - 	[kvserver8]>[38;5;115m	[kvserver8]>ECS:1|Readable:0[0m
2023-06-11 21:02:48,241 - DEBUG - 	[kvserver8]>[38;5;115m	[kvserver8]> Active clients: 0, Ids: [][0m
2023-06-11 21:02:48,241 - DEBUG - 	[kvserver8]>[38;5;115m	[kvserver8]> Closing kvserver[0m
2023-06-11 21:02:48,242 - DEBUG - 	[kvserver8]>[38;5;115m	[kvserver8]>---- KVSSERVER 8 SLEEP -----[0m
