2023-06-11 21:06:54,473 - DEBUG - 	[kvserver3]>[38;5;214m	[kvserver3]>---- KVSSERVER 3 ACTIVE -----Hosting in 127.0.0.1:3003[0m
2023-06-11 21:06:54,473 - DEBUG - 	[kvserver3]>[ECS handler]>[38;5;214m	[kvserver3]>[ECS handler]>Connecting to bootstrap 127.0.0.1:7000[0m
2023-06-11 21:06:54,473 - DEBUG - 	[kvserver3]>[ECS handler]>[38;5;214m	[kvserver3]>[ECS handler]>Connected to ECS. Connectiona addr: 127.0.0.1:56175[0m
2023-06-11 21:06:54,474 - DEBUG - 	[kvserver3]>[38;5;214m	[kvserver3]>Listening on 127.0.0.1:3003[0m
2023-06-11 21:06:56,477 - DEBUG - 	[kvserver3]>[38;5;214m	[kvserver3]>->Listening...[0m
2023-06-11 21:06:56,478 - DEBUG - 	[kvserver3]>[38;5;214m	[kvserver3]>ECS:1|Readable:1[0m
2023-06-11 21:06:56,478 - INFO - 	[kvserver3]>[38;5;214m	[kvserver3]> Message from ECS..[0m
2023-06-11 21:06:56,478 - DEBUG - 	[kvserver3]>[ECS handler]>[38;5;214m	[kvserver3]>[ECS handler]>Handling the recv of ECS[0m
2023-06-11 21:06:56,479 - DEBUG - 	[kvserver3]>[ECS handler]>[38;5;214m	[kvserver3]>[ECS handler]>Received message: '{"request": "kvserver_data"}'[0m
2023-06-11 21:06:56,479 - DEBUG - 	[kvserver3]>[38;5;214m	[kvserver3]> Active clients: 0, Ids: [][0m
2023-06-11 21:06:58,484 - DEBUG - 	[kvserver3]>[38;5;214m	[kvserver3]>->Listening...[0m
2023-06-11 21:06:58,485 - DEBUG - 	[kvserver3]>[38;5;214m	[kvserver3]>ECS:1|Readable:1[0m
2023-06-11 21:06:58,485 - INFO - 	[kvserver3]>[38;5;214m	[kvserver3]> Message from ECS..[0m
2023-06-11 21:06:58,485 - DEBUG - 	[kvserver3]>[ECS handler]>[38;5;214m	[kvserver3]>[ECS handler]>Handling the recv of ECS[0m
2023-06-11 21:06:58,485 - DEBUG - 	[kvserver3]>[ECS handler]>[38;5;214m	[kvserver3]>[ECS handler]>Received message: '{"request": "kvserver_hash_key", "data": {"id": 3, "name": "kvserver3", "hash_key": "db4fca7b4a6cd37d604c7286899ef9c7", "previous_hash": "8c175f4c7b7bea027e259ab960b478cb"}}'[0m
2023-06-11 21:06:58,486 - DEBUG - 	[kvserver3]>[ECS handler]>[38;5;214m	[kvserver3]>[ECS handler]>Hash interval: 8c175f4c7b7bea027e259ab960b478cb|db4fca7b4a6cd37d604c7286899ef9c7[0m
2023-06-11 21:06:58,486 - DEBUG - 	[kvserver3]>[38;5;214m	[kvserver3]> Active clients: 0, Ids: [][0m
2023-06-11 21:07:00,489 - DEBUG - 	[kvserver3]>[38;5;214m	[kvserver3]>->Listening...[0m
2023-06-11 21:07:05,490 - DEBUG - 	[kvserver3]>[38;5;214m	[kvserver3]>ECS:1|Readable:0[0m
2023-06-11 21:07:05,491 - DEBUG - 	[kvserver3]>[38;5;214m	[kvserver3]> Active clients: 0, Ids: [][0m
2023-06-11 21:07:05,491 - DEBUG - 	[kvserver3]>[38;5;214m	[kvserver3]> Closing kvserver[0m
2023-06-11 21:07:05,491 - DEBUG - 	[kvserver3]>[38;5;214m	[kvserver3]>---- KVSSERVER 3 SLEEP -----[0m
