2023-06-11 21:06:54,460 - DEBUG - 	[kvserver0]>[38;5;200m	[kvserver0]>---- KVSSERVER 0 ACTIVE -----Hosting in 127.0.0.1:3000[0m
2023-06-11 21:06:54,460 - DEBUG - 	[kvserver0]>[ECS handler]>[38;5;200m	[kvserver0]>[ECS handler]>Connecting to bootstrap 127.0.0.1:7000[0m
2023-06-11 21:06:54,460 - DEBUG - 	[kvserver0]>[ECS handler]>[38;5;200m	[kvserver0]>[ECS handler]>Connected to ECS. Connectiona addr: 127.0.0.1:56172[0m
2023-06-11 21:06:54,461 - DEBUG - 	[kvserver0]>[38;5;200m	[kvserver0]>Listening on 127.0.0.1:3000[0m
2023-06-11 21:06:56,462 - DEBUG - 	[kvserver0]>[38;5;200m	[kvserver0]>->Listening...[0m
2023-06-11 21:06:56,463 - DEBUG - 	[kvserver0]>[38;5;200m	[kvserver0]>ECS:1|Readable:1[0m
2023-06-11 21:06:56,463 - INFO - 	[kvserver0]>[38;5;200m	[kvserver0]> Message from ECS..[0m
2023-06-11 21:06:56,464 - DEBUG - 	[kvserver0]>[ECS handler]>[38;5;200m	[kvserver0]>[ECS handler]>Handling the recv of ECS[0m
2023-06-11 21:06:56,464 - DEBUG - 	[kvserver0]>[ECS handler]>[38;5;200m	[kvserver0]>[ECS handler]>Received message: '{"request": "kvserver_data"}'[0m
2023-06-11 21:06:56,464 - DEBUG - 	[kvserver0]>[38;5;200m	[kvserver0]> Active clients: 0, Ids: [][0m
2023-06-11 21:06:58,470 - DEBUG - 	[kvserver0]>[38;5;200m	[kvserver0]>->Listening...[0m
2023-06-11 21:06:58,471 - DEBUG - 	[kvserver0]>[38;5;200m	[kvserver0]>ECS:1|Readable:1[0m
2023-06-11 21:06:58,471 - INFO - 	[kvserver0]>[38;5;200m	[kvserver0]> Message from ECS..[0m
2023-06-11 21:06:58,471 - DEBUG - 	[kvserver0]>[ECS handler]>[38;5;200m	[kvserver0]>[ECS handler]>Handling the recv of ECS[0m
2023-06-11 21:06:58,471 - DEBUG - 	[kvserver0]>[ECS handler]>[38;5;200m	[kvserver0]>[ECS handler]>Received message: '{"request": "kvserver_hash_key", "data": {"id": 0, "name": "kvserver0", "hash_key": "01c2a3a6a99837796bad2f82f71dfc33", "previous_hash": "db4fca7b4a6cd37d604c7286899ef9c7"}}'[0m
2023-06-11 21:06:58,472 - DEBUG - 	[kvserver0]>[ECS handler]>[38;5;200m	[kvserver0]>[ECS handler]>Hash interval: db4fca7b4a6cd37d604c7286899ef9c7|01c2a3a6a99837796bad2f82f71dfc33[0m
2023-06-11 21:06:58,472 - DEBUG - 	[kvserver0]>[38;5;200m	[kvserver0]> Active clients: 0, Ids: [][0m
2023-06-11 21:07:00,473 - DEBUG - 	[kvserver0]>[38;5;200m	[kvserver0]>->Listening...[0m
2023-06-11 21:07:05,474 - DEBUG - 	[kvserver0]>[38;5;200m	[kvserver0]>ECS:1|Readable:0[0m
2023-06-11 21:07:05,475 - DEBUG - 	[kvserver0]>[38;5;200m	[kvserver0]> Active clients: 0, Ids: [][0m
2023-06-11 21:07:05,475 - DEBUG - 	[kvserver0]>[38;5;200m	[kvserver0]> Closing kvserver[0m
2023-06-11 21:07:05,476 - DEBUG - 	[kvserver0]>[38;5;200m	[kvserver0]>---- KVSSERVER 0 SLEEP -----[0m
