2023-06-11 21:02:37,208 - DEBUG - 	[kvserver5]>[38;5;139m	[kvserver5]>---- KVSSERVER 5 ACTIVE -----Hosting in 127.0.0.1:3005[0m
2023-06-11 21:02:37,208 - DEBUG - 	[kvserver5]>[ECS handler]>[38;5;139m	[kvserver5]>[ECS handler]>Connecting to bootstrap 127.0.0.1:7000[0m
2023-06-11 21:02:37,208 - DEBUG - 	[kvserver5]>[ECS handler]>[38;5;139m	[kvserver5]>[ECS handler]>Connected to ECS. Connectiona addr: 127.0.0.1:55947[0m
2023-06-11 21:02:37,209 - DEBUG - 	[kvserver5]>[38;5;139m	[kvserver5]>Listening on 127.0.0.1:3005[0m
2023-06-11 21:02:39,211 - DEBUG - 	[kvserver5]>[38;5;139m	[kvserver5]>->Listening...[0m
2023-06-11 21:02:39,211 - DEBUG - 	[kvserver5]>[38;5;139m	[kvserver5]>ECS:1|Readable:1[0m
2023-06-11 21:02:39,211 - INFO - 	[kvserver5]>[38;5;139m	[kvserver5]> Message from ECS..[0m
2023-06-11 21:02:39,211 - DEBUG - 	[kvserver5]>[ECS handler]>[38;5;139m	[kvserver5]>[ECS handler]>Handling the recv of ECS[0m
2023-06-11 21:02:39,212 - DEBUG - 	[kvserver5]>[ECS handler]>[38;5;139m	[kvserver5]>[ECS handler]>Received message: '{"request": "kvserver_data"}'[0m
2023-06-11 21:02:39,212 - DEBUG - 	[kvserver5]>[38;5;139m	[kvserver5]> Active clients: 0, Ids: [][0m
2023-06-11 21:02:41,217 - DEBUG - 	[kvserver5]>[38;5;139m	[kvserver5]>->Listening...[0m
2023-06-11 21:02:41,217 - DEBUG - 	[kvserver5]>[38;5;139m	[kvserver5]>ECS:1|Readable:1[0m
2023-06-11 21:02:41,218 - INFO - 	[kvserver5]>[38;5;139m	[kvserver5]> Message from ECS..[0m
2023-06-11 21:02:41,218 - DEBUG - 	[kvserver5]>[ECS handler]>[38;5;139m	[kvserver5]>[ECS handler]>Handling the recv of ECS[0m
2023-06-11 21:02:41,218 - DEBUG - 	[kvserver5]>[ECS handler]>[38;5;139m	[kvserver5]>[ECS handler]>Received message: '{"request": "kvserver_hash_key", "data": {"id": 5, "name": "kvserver5", "hash_key": 3, "previous_hash": 1}}'[0m
2023-06-11 21:02:41,219 - DEBUG - 	[kvserver5]>[ECS handler]>[38;5;139m	[kvserver5]>[ECS handler]>Hash interval: 1|3[0m
2023-06-11 21:02:41,219 - DEBUG - 	[kvserver5]>[38;5;139m	[kvserver5]> Active clients: 0, Ids: [][0m
2023-06-11 21:02:43,225 - DEBUG - 	[kvserver5]>[38;5;139m	[kvserver5]>->Listening...[0m
2023-06-11 21:02:48,229 - DEBUG - 	[kvserver5]>[38;5;139m	[kvserver5]>ECS:1|Readable:0[0m
2023-06-11 21:02:48,229 - DEBUG - 	[kvserver5]>[38;5;139m	[kvserver5]> Active clients: 0, Ids: [][0m
2023-06-11 21:02:48,230 - DEBUG - 	[kvserver5]>[38;5;139m	[kvserver5]> Closing kvserver[0m
2023-06-11 21:02:48,230 - DEBUG - 	[kvserver5]>[38;5;139m	[kvserver5]>---- KVSSERVER 5 SLEEP -----[0m
