2023-06-17 11:03:23,024 - DEBUG - [ECS]> ==> Active ECS server on port 0.0.0.0:40823
2023-06-17 11:03:23,024 - DEBUG - [ECS]>Listening on 0.0.0.0:40823
2023-06-17 11:03:24,368 - DEBUG - [ECS]>New kvserver connected: ('127.0.0.1', 60723)
2023-06-17 11:03:24,369 - DEBUG - [ECS]>Waiting... Active kvservers: [1]
2023-06-17 11:03:24,369 - DEBUG - [ECS]>Received message from None: kvserver_data
2023-06-17 11:03:24,369 - DEBUG - [ECS]>New kvserver1!, Current ids:[]
2023-06-17 11:03:24,369 - DEBUG - [ECS]>Waiting all kvserver connected to be added to ring...
2023-06-17 11:03:24,369 - DEBUG - [ECS]>Connected=1|Ring nodes:1
2023-06-17 11:03:24,369 - DEBUG - [ECS]>Waiting... Active kvservers: [1]
2023-06-17 11:03:26,131 - DEBUG - [ECS]>New kvserver connected: ('127.0.0.1', 60728)
2023-06-17 11:03:26,131 - DEBUG - [ECS]>Waiting... Active kvservers: [2]
2023-06-17 11:03:26,131 - DEBUG - [ECS]>Received message from None: kvserver_data
2023-06-17 11:03:26,131 - DEBUG - [ECS]>New kvserver1!, Current ids:['1']
2023-06-17 11:03:26,131 - DEBUG - [ECS]>Waiting all kvserver connected to be added to ring...
2023-06-17 11:03:26,131 - DEBUG - [ECS]>Connected=2|Ring nodes:2
2023-06-17 11:03:26,132 - DEBUG - [ECS]>Waiting... Active kvservers: [2]
2023-06-17 11:03:31,135 - DEBUG - [ECS]>Waiting... Active kvservers: [2]
2023-06-17 11:03:36,137 - DEBUG - [ECS]>Waiting... Active kvservers: [2]
2023-06-17 11:03:37,546 - DEBUG - [ECS]>Received message from kvserver1: heartbeat
2023-06-17 11:03:37,546 - DEBUG - [ECS]>Waiting... Active kvservers: [2]
2023-06-17 11:03:40,574 - DEBUG - [ECS]>Received message from kvserver1: heartbeat
2023-06-17 11:03:40,574 - DEBUG - [ECS]>Waiting... Active kvservers: [2]
2023-06-17 11:03:43,746 - DEBUG - [ECS]>Received message from kvserver1: heartbeat
2023-06-17 11:03:43,746 - DEBUG - [ECS]>Waiting... Active kvservers: [2]
2023-06-17 11:03:47,368 - DEBUG - [ECS]>Received message from kvserver1: heartbeat
2023-06-17 11:03:47,369 - DEBUG - [ECS]>Waiting... Active kvservers: [2]
2023-06-17 11:03:52,372 - DEBUG - [ECS]>Waiting... Active kvservers: [2]
2023-06-17 11:03:57,375 - DEBUG - [ECS]>Waiting... Active kvservers: [2]
2023-06-17 11:04:01,250 - DEBUG - [ECS]>Received message from kvserver1: heartbeat
2023-06-17 11:04:01,250 - DEBUG - [ECS]>Waiting... Active kvservers: [2]
2023-06-17 11:04:06,252 - DEBUG - [ECS]>Waiting... Active kvservers: [2]
2023-06-17 11:04:07,067 - DEBUG - [ECS]>Received message from kvserver1: heartbeat
2023-06-17 11:04:07,067 - DEBUG - [ECS]>Waiting... Active kvservers: [2]
2023-06-17 11:04:12,070 - DEBUG - [ECS]>Waiting... Active kvservers: [2]
2023-06-17 11:04:17,073 - DEBUG - [ECS]>Waiting... Active kvservers: [2]
2023-06-17 11:04:20,072 - ERROR - [ECS]>No data. Disconnected None --> Closing socket
2023-06-17 11:04:20,072 - DEBUG - [ECS]>Waiting... Active kvservers: [1]
2023-06-17 11:04:20,073 - ERROR - [ECS]>No data. Disconnected kvserver1 --> Closing socket
2023-06-17 11:04:20,073 - DEBUG - [ECS]>Waiting... Active kvservers: [0]
2023-06-17 11:04:25,073 - ERROR - [ECS]>Time out. Stop listening
2023-06-17 11:04:25,073 - DEBUG - [ECS]>Closing ECS
