2023-06-19 20:49:47,744 - DEBUG - [ECS]>------------------------------------------------------------------
2023-06-19 20:49:47,744 - DEBUG - [ECS]>                 ECS server on port 0.0.0.0:40823                 
2023-06-19 20:49:47,744 - DEBUG - [ECS]>------------------------------------------------------------------
2023-06-19 20:49:47,744 - DEBUG - [ECS]>Listening on 0.0.0.0:40823
2023-06-19 20:49:49,222 - DEBUG - [ECS]>New kvserver connected: ('127.0.0.1', 65508)
2023-06-19 20:49:49,222 - DEBUG - [ECS]>Received message from None: kvserver_data
2023-06-19 20:49:49,222 - DEBUG - [ECS]>New kvserver9!, Current ids:[]
2023-06-19 20:49:49,222 - DEBUG - [ECS]>Waiting all kvserver connected to be added to ring...
2023-06-19 20:49:49,222 - DEBUG - [ECS]>Adding new node
2023-06-19 20:49:49,222 - DEBUG - [ECS]>Updating the ring
2023-06-19 20:49:49,222 - DEBUG - [ECS]>Added. Connected=1|Ring nodes:1
2023-06-19 20:49:49,222 - DEBUG - [ECS]>Message sent: ring_metadata
2023-06-19 20:49:49,223 - DEBUG - [ECS]>Message sent: ring_metadata
2023-06-19 20:49:51,437 - DEBUG - [ECS]>New kvserver connected: ('127.0.0.1', 65513)
2023-06-19 20:49:51,437 - DEBUG - [ECS]>Received message from None: kvserver_data
2023-06-19 20:49:51,438 - DEBUG - [ECS]>New kvserver8!, Current ids:['9']
2023-06-19 20:49:51,438 - DEBUG - [ECS]>Waiting all kvserver connected to be added to ring...
2023-06-19 20:49:51,438 - DEBUG - [ECS]>Adding new node
2023-06-19 20:49:51,438 - DEBUG - [ECS]>Updating the ring
2023-06-19 20:49:51,438 - DEBUG - [ECS]>Message sent: arrange_ring
2023-06-19 20:49:51,438 - DEBUG - [ECS]>Added. Connected=2|Ring nodes:2
2023-06-19 20:49:51,438 - DEBUG - [ECS]>Message sent: ring_metadata
2023-06-19 20:49:51,439 - DEBUG - [ECS]>Message sent: ring_metadata
2023-06-19 20:49:51,439 - DEBUG - [ECS]>Message sent: ring_metadata
2023-06-19 20:49:51,439 - DEBUG - [ECS]>Message sent: ring_metadata
2023-06-19 20:49:51,441 - DEBUG - [ECS]>Message sent: ring_metadata
2023-06-19 20:49:51,441 - DEBUG - [ECS]>Message sent: ring_metadata
2023-06-19 20:49:51,442 - DEBUG - [ECS]>Message sent: ring_metadata
2023-06-19 20:49:51,442 - DEBUG - [ECS]>Message sent: ring_metadata
2023-06-19 20:49:53,832 - DEBUG - [ECS]>New kvserver connected: ('127.0.0.1', 65516)
2023-06-19 20:49:53,832 - DEBUG - [ECS]>Received message from None: kvserver_data
2023-06-19 20:49:53,833 - DEBUG - [ECS]>New kvserver7!, Current ids:['9', '8']
2023-06-19 20:49:53,833 - DEBUG - [ECS]>Waiting all kvserver connected to be added to ring...
2023-06-19 20:49:53,833 - DEBUG - [ECS]>Adding new node
2023-06-19 20:49:53,833 - DEBUG - [ECS]>Updating the ring
2023-06-19 20:49:53,833 - DEBUG - [ECS]>Message sent: arrange_ring
2023-06-19 20:49:53,833 - DEBUG - [ECS]>Added. Connected=3|Ring nodes:3
2023-06-19 20:49:53,833 - DEBUG - [ECS]>Message sent: ring_metadata
2023-06-19 20:49:53,834 - DEBUG - [ECS]>Message sent: ring_metadata
2023-06-19 20:49:53,834 - DEBUG - [ECS]>Message sent: ring_metadata
2023-06-19 20:49:53,834 - DEBUG - [ECS]>Message sent: ring_metadata
2023-06-19 20:49:53,834 - DEBUG - [ECS]>Message sent: ring_metadata
2023-06-19 20:49:53,834 - DEBUG - [ECS]>Message sent: ring_metadata
2023-06-19 20:49:53,837 - DEBUG - [ECS]>Message sent: ring_metadata
2023-06-19 20:49:53,837 - DEBUG - [ECS]>Message sent: ring_metadata
2023-06-19 20:49:53,837 - DEBUG - [ECS]>Message sent: ring_metadata
2023-06-19 20:49:53,838 - DEBUG - [ECS]>Message sent: ring_metadata
2023-06-19 20:49:53,839 - DEBUG - [ECS]>Message sent: ring_metadata
2023-06-19 20:49:53,839 - DEBUG - [ECS]>Message sent: ring_metadata
2023-06-19 20:49:55,693 - DEBUG - [ECS]>Received message from kvserver9: kvserver_shutdown
2023-06-19 20:49:55,693 - DEBUG - [ECS]>Removing node kvserver9
2023-06-19 20:49:55,693 - DEBUG - [ECS]>Updating the ring
2023-06-19 20:49:55,693 - DEBUG - [ECS]>Message sent: arrange_ring
2023-06-19 20:49:55,694 - DEBUG - [ECS]>Message sent: ring_metadata
2023-06-19 20:49:55,694 - DEBUG - [ECS]>Message sent: ring_metadata
2023-06-19 20:49:55,694 - DEBUG - [ECS]>Message sent: ring_metadata
2023-06-19 20:50:00,695 - DEBUG - [ECS]>Received message from kvserver8: kvserver_shutdown
2023-06-19 20:50:01,444 - DEBUG - [ECS]>Received message from kvserver9: kvserver_shutdown_now
2023-06-19 20:50:01,444 - ERROR - [ECS]>Error handling request\parsing JSON: handle_REQUEST() takes 3 positional arguments but 4 were given
2023-06-19 20:50:01,648 - DEBUG - [ECS]>Received message from kvserver7: kvserver_shutdown
2023-06-19 20:50:01,648 - DEBUG - [ECS]>Removing node kvserver7
2023-06-19 20:50:01,648 - DEBUG - [ECS]>Updating the ring
2023-06-19 20:50:01,648 - DEBUG - [ECS]>Message sent: arrange_ring
2023-06-19 20:50:01,649 - DEBUG - [ECS]>Message sent: ring_metadata
2023-06-19 20:50:01,649 - DEBUG - [ECS]>Message sent: ring_metadata
2023-06-19 20:50:03,840 - DEBUG - [ECS]>Received message from kvserver8: kvserver_shutdown_now
2023-06-19 20:50:03,840 - ERROR - [ECS]>Error handling request\parsing JSON: list.remove(x): x not in list
2023-06-19 20:50:33,852 - ERROR - [ECS]>Tic tac Time out. Stop listening
2023-06-19 20:50:33,852 - DEBUG - [ECS]>------------------------------------------------------------------
2023-06-19 20:50:33,852 - DEBUG - [ECS]>                         Closing ECS                              
2023-06-19 20:50:33,852 - DEBUG - [ECS]>------------------------------------------------------------------
