2023-06-12 21:52:18,924 - DEBUG - 	[kvserver9]>[38;5;81m	[kvserver9]>---- KVSSERVER 9 ACTIVE -----Hosting in 127.0.0.1:5000[0m
2023-06-12 21:52:18,924 - DEBUG - 	[kvserver9]>[ECS handler]>[38;5;81m	[kvserver9]>[ECS handler]>Connecting to bootstrap 127.0.0.1:7000[0m
2023-06-12 21:52:18,924 - DEBUG - 	[kvserver9]>[ECS handler]>[38;5;81m	[kvserver9]>[ECS handler]>Connected to ECS. Connection addr: 127.0.0.1:56718[0m
2023-06-12 21:52:18,924 - DEBUG - 	[kvserver9]>[38;5;81m	[kvserver9]>Listening on 127.0.0.1:5000[0m
2023-06-12 21:52:18,925 - DEBUG - 	[kvserver9]>[38;5;81m	[kvserver9]>->Listening...[0m
2023-06-12 21:52:18,925 - INFO - 	[kvserver9]>[38;5;81m	[kvserver9]> Message from ECS..[0m
2023-06-12 21:52:18,925 - DEBUG - 	[kvserver9]>[ECS handler]>[38;5;81m	[kvserver9]>[ECS handler]>Handling the recv of ECS[0m
2023-06-12 21:52:21,926 - DEBUG - 	[kvserver9]>[ECS handler]>[38;5;81m	[kvserver9]>[ECS handler]>Received message: '{"request": "kvserver_data"}'[0m
2023-06-12 21:52:21,927 - DEBUG - 	[kvserver9]>[38;5;81m	[kvserver9]> Active clients: 0, Ids: [][0m
2023-06-12 21:52:21,928 - DEBUG - 	[kvserver9]>[38;5;81m	[kvserver9]>->Listening...[0m
2023-06-12 21:52:21,928 - INFO - 	[kvserver9]>[38;5;81m	[kvserver9]> Message from ECS..[0m
2023-06-12 21:52:21,928 - DEBUG - 	[kvserver9]>[ECS handler]>[38;5;81m	[kvserver9]>[ECS handler]>Handling the recv of ECS[0m
2023-06-12 21:52:24,931 - DEBUG - 	[kvserver9]>[ECS handler]>[38;5;81m	[kvserver9]>[ECS handler]>Received message: '{"request": "ring_metadata", "kv_data": {"28": ["127.0.0.1", 3000, 28, 2241], "1849": ["127.0.0.1", 5000, 1849, 28], "2241": ["127.0.0.1", 3001, 2241, 1849]}}'[0m
2023-06-12 21:52:24,932 - DEBUG - 	[kvserver9]>[ECS handler]>[38;5;81m	[kvserver9]>[ECS handler]>Updated RING.[0m
2023-06-12 21:52:24,932 - DEBUG - 	[kvserver9]>[ECS handler]>[38;5;81m	[kvserver9]>[ECS handler]>Updated own metadata with ring metadata.[0m
2023-06-12 21:52:24,932 - DEBUG - 	[kvserver9]>[38;5;81m	[kvserver9]> Active clients: 0, Ids: [][0m
2023-06-12 21:52:24,933 - DEBUG - 	[kvserver9]>[38;5;81m	[kvserver9]>->Listening...[0m
2023-06-12 21:52:29,937 - DEBUG - 	[kvserver9]>[38;5;81m	[kvserver9]> Active clients: 0, Ids: [][0m
2023-06-12 21:52:29,938 - DEBUG - 	[kvserver9]>[38;5;81m	[kvserver9]>->Listening...[0m
2023-06-12 21:52:34,940 - DEBUG - 	[kvserver9]>[38;5;81m	[kvserver9]> Active clients: 0, Ids: [][0m
2023-06-12 21:52:34,940 - DEBUG - 	[kvserver9]>[38;5;81m	[kvserver9]>->Listening...[0m
2023-06-12 21:52:39,942 - DEBUG - 	[kvserver9]>[38;5;81m	[kvserver9]> Active clients: 0, Ids: [][0m
2023-06-12 21:52:39,943 - DEBUG - 	[kvserver9]>[38;5;81m	[kvserver9]>->Listening...[0m
2023-06-12 21:52:44,945 - DEBUG - 	[kvserver9]>[38;5;81m	[kvserver9]> Active clients: 0, Ids: [][0m
2023-06-12 21:52:44,945 - DEBUG - 	[kvserver9]>[38;5;81m	[kvserver9]>->Listening...[0m
2023-06-12 21:52:49,951 - DEBUG - 	[kvserver9]>[38;5;81m	[kvserver9]> Active clients: 0, Ids: [][0m
2023-06-12 21:52:49,951 - DEBUG - 	[kvserver9]>[38;5;81m	[kvserver9]>->Listening...[0m
2023-06-12 21:52:54,952 - DEBUG - 	[kvserver9]>[38;5;81m	[kvserver9]> Active clients: 0, Ids: [][0m
2023-06-12 21:52:54,952 - DEBUG - 	[kvserver9]>[38;5;81m	[kvserver9]>->Listening...[0m
2023-06-12 21:52:59,955 - DEBUG - 	[kvserver9]>[38;5;81m	[kvserver9]> Active clients: 0, Ids: [][0m
2023-06-12 21:52:59,955 - DEBUG - 	[kvserver9]>[38;5;81m	[kvserver9]>->Listening...[0m
2023-06-12 21:53:04,956 - DEBUG - 	[kvserver9]>[38;5;81m	[kvserver9]> Active clients: 0, Ids: [][0m
2023-06-12 21:53:04,956 - DEBUG - 	[kvserver9]>[38;5;81m	[kvserver9]>->Listening...[0m
2023-06-12 21:53:09,957 - DEBUG - 	[kvserver9]>[38;5;81m	[kvserver9]> Active clients: 0, Ids: [][0m
2023-06-12 21:53:09,958 - DEBUG - 	[kvserver9]>[38;5;81m	[kvserver9]> Closing kvserver[0m
2023-06-12 21:53:09,958 - DEBUG - 	[kvserver9]>[38;5;81m	[kvserver9]>---- KVSSERVER 9 SLEEP -----[0m
