2023-06-11 21:06:54,463 - DEBUG - 	[kvserver1]>[38;5;80m	[kvserver1]>---- KVSSERVER 1 ACTIVE -----Hosting in 127.0.0.1:3001[0m
2023-06-11 21:06:54,463 - DEBUG - 	[kvserver1]>[ECS handler]>[38;5;80m	[kvserver1]>[ECS handler]>Connecting to bootstrap 127.0.0.1:7000[0m
2023-06-11 21:06:54,464 - DEBUG - 	[kvserver1]>[ECS handler]>[38;5;80m	[kvserver1]>[ECS handler]>Connected to ECS. Connectiona addr: 127.0.0.1:56173[0m
2023-06-11 21:06:54,464 - DEBUG - 	[kvserver1]>[38;5;80m	[kvserver1]>Listening on 127.0.0.1:3001[0m
2023-06-11 21:06:56,465 - DEBUG - 	[kvserver1]>[38;5;80m	[kvserver1]>->Listening...[0m
2023-06-11 21:06:56,465 - DEBUG - 	[kvserver1]>[38;5;80m	[kvserver1]>ECS:1|Readable:1[0m
2023-06-11 21:06:56,465 - INFO - 	[kvserver1]>[38;5;80m	[kvserver1]> Message from ECS..[0m
2023-06-11 21:06:56,465 - DEBUG - 	[kvserver1]>[ECS handler]>[38;5;80m	[kvserver1]>[ECS handler]>Handling the recv of ECS[0m
2023-06-11 21:06:56,466 - DEBUG - 	[kvserver1]>[ECS handler]>[38;5;80m	[kvserver1]>[ECS handler]>Received message: '{"request": "kvserver_data"}'[0m
2023-06-11 21:06:56,466 - DEBUG - 	[kvserver1]>[38;5;80m	[kvserver1]> Active clients: 0, Ids: [][0m
2023-06-11 21:06:58,470 - DEBUG - 	[kvserver1]>[38;5;80m	[kvserver1]>->Listening...[0m
2023-06-11 21:06:58,471 - DEBUG - 	[kvserver1]>[38;5;80m	[kvserver1]>ECS:1|Readable:1[0m
2023-06-11 21:06:58,471 - INFO - 	[kvserver1]>[38;5;80m	[kvserver1]> Message from ECS..[0m
2023-06-11 21:06:58,471 - DEBUG - 	[kvserver1]>[ECS handler]>[38;5;80m	[kvserver1]>[ECS handler]>Handling the recv of ECS[0m
2023-06-11 21:06:58,472 - DEBUG - 	[kvserver1]>[ECS handler]>[38;5;80m	[kvserver1]>[ECS handler]>Received message: '{"request": "kvserver_hash_key", "data": {"id": 1, "name": "kvserver1", "hash_key": "8c175f4c7b7bea027e259ab960b478cb", "previous_hash": "8a4f6ab1f88477961ffbfe66520ca872"}}'[0m
2023-06-11 21:06:58,472 - DEBUG - 	[kvserver1]>[ECS handler]>[38;5;80m	[kvserver1]>[ECS handler]>Hash interval: 8a4f6ab1f88477961ffbfe66520ca872|8c175f4c7b7bea027e259ab960b478cb[0m
2023-06-11 21:06:58,472 - DEBUG - 	[kvserver1]>[38;5;80m	[kvserver1]> Active clients: 0, Ids: [][0m
2023-06-11 21:07:00,478 - DEBUG - 	[kvserver1]>[38;5;80m	[kvserver1]>->Listening...[0m
2023-06-11 21:07:05,481 - DEBUG - 	[kvserver1]>[38;5;80m	[kvserver1]>ECS:1|Readable:0[0m
2023-06-11 21:07:05,482 - DEBUG - 	[kvserver1]>[38;5;80m	[kvserver1]> Active clients: 0, Ids: [][0m
2023-06-11 21:07:05,482 - DEBUG - 	[kvserver1]>[38;5;80m	[kvserver1]> Closing kvserver[0m
2023-06-11 21:07:05,482 - DEBUG - 	[kvserver1]>[38;5;80m	[kvserver1]>---- KVSSERVER 1 SLEEP -----[0m
