2023-06-11 21:02:37,223 - DEBUG - 	[kvserver7]>[38;5;177m	[kvserver7]>---- KVSSERVER 7 ACTIVE -----Hosting in 127.0.0.1:3007[0m
2023-06-11 21:02:37,223 - DEBUG - 	[kvserver7]>[ECS handler]>[38;5;177m	[kvserver7]>[ECS handler]>Connecting to bootstrap 127.0.0.1:7000[0m
2023-06-11 21:02:37,223 - DEBUG - 	[kvserver7]>[ECS handler]>[38;5;177m	[kvserver7]>[ECS handler]>Connected to ECS. Connectiona addr: 127.0.0.1:55949[0m
2023-06-11 21:02:37,224 - DEBUG - 	[kvserver7]>[38;5;177m	[kvserver7]>Listening on 127.0.0.1:3007[0m
2023-06-11 21:02:39,229 - DEBUG - 	[kvserver7]>[38;5;177m	[kvserver7]>->Listening...[0m
2023-06-11 21:02:39,230 - DEBUG - 	[kvserver7]>[38;5;177m	[kvserver7]>ECS:1|Readable:1[0m
2023-06-11 21:02:39,230 - INFO - 	[kvserver7]>[38;5;177m	[kvserver7]> Message from ECS..[0m
2023-06-11 21:02:39,230 - DEBUG - 	[kvserver7]>[ECS handler]>[38;5;177m	[kvserver7]>[ECS handler]>Handling the recv of ECS[0m
2023-06-11 21:02:39,230 - DEBUG - 	[kvserver7]>[ECS handler]>[38;5;177m	[kvserver7]>[ECS handler]>Received message: '{"request": "kvserver_data"}'[0m
2023-06-11 21:02:39,230 - DEBUG - 	[kvserver7]>[38;5;177m	[kvserver7]> Active clients: 0, Ids: [][0m
2023-06-11 21:02:41,231 - DEBUG - 	[kvserver7]>[38;5;177m	[kvserver7]>->Listening...[0m
2023-06-11 21:02:41,232 - DEBUG - 	[kvserver7]>[38;5;177m	[kvserver7]>ECS:1|Readable:1[0m
2023-06-11 21:02:41,232 - INFO - 	[kvserver7]>[38;5;177m	[kvserver7]> Message from ECS..[0m
2023-06-11 21:02:41,233 - DEBUG - 	[kvserver7]>[ECS handler]>[38;5;177m	[kvserver7]>[ECS handler]>Handling the recv of ECS[0m
2023-06-11 21:02:41,233 - DEBUG - 	[kvserver7]>[ECS handler]>[38;5;177m	[kvserver7]>[ECS handler]>Received message: '{"request": "kvserver_hash_key", "data": {"id": 7, "name": "kvserver7", "hash_key": 179, "previous_hash": 178}}'[0m
2023-06-11 21:02:41,233 - DEBUG - 	[kvserver7]>[ECS handler]>[38;5;177m	[kvserver7]>[ECS handler]>Hash interval: 178|179[0m
2023-06-11 21:02:41,233 - DEBUG - 	[kvserver7]>[38;5;177m	[kvserver7]> Active clients: 0, Ids: [][0m
2023-06-11 21:02:43,238 - DEBUG - 	[kvserver7]>[38;5;177m	[kvserver7]>->Listening...[0m
2023-06-11 21:02:48,241 - DEBUG - 	[kvserver7]>[38;5;177m	[kvserver7]>ECS:1|Readable:0[0m
2023-06-11 21:02:48,241 - DEBUG - 	[kvserver7]>[38;5;177m	[kvserver7]> Active clients: 0, Ids: [][0m
2023-06-11 21:02:48,241 - DEBUG - 	[kvserver7]>[38;5;177m	[kvserver7]> Closing kvserver[0m
2023-06-11 21:02:48,242 - DEBUG - 	[kvserver7]>[38;5;177m	[kvserver7]>---- KVSSERVER 7 SLEEP -----[0m
